# JRE version: OpenJDK Runtime Environment Temurin-21.0.9+10 (21.0.9+10) (build 21.0.9+10-LTS)
# Java VM: OpenJDK 64-Bit Server VM Temurin-21.0.9+10 (21.0.9+10-LTS, mixed mode, sharing, tiered, compressed oops, compressed class ptrs, parallel gc, windows-amd64)
GC Precious Log:
 CardTable entry size: 512
 CPUs: 12 total, 12 available
 Memory: 7876M
 Large Page Support: Disabled
 NUMA Support: Disabled
 Compressed Oops: Enabled (32-bit)
 Alignments: Space 512K, Generation 512K, Heap 2M
 Heap Min Capacity: 100M
 Heap Initial Capacity: 100M
 Heap Max Capacity: 2G
 Pre-touch: Disabled
 Parallel Workers: 10
Heap:
 PSYoungGen      total 7680K, used 7081K [0x00000000d5580000, 0x00000000d5e80000, 0x0000000100000000)
  eden space 6144K, 100% used [0x00000000d5580000,0x00000000d5b80000,0x00000000d5b80000)
  from space 1536K, 61% used [0x00000000d5c00000,0x00000000d5cea630,0x00000000d5d80000)
  to   space 1024K, 0% used [0x00000000d5d80000,0x00000000d5d80000,0x00000000d5e80000)
 ParOldGen       total 1260032K, used 946886K [0x0000000080000000, 0x00000000cce80000, 0x00000000d5580000)
  object space 1260032K, 75% used [0x0000000080000000,0x00000000b9cb1bb0,0x00000000cce80000)
 Metaspace       used 82673K, committed 84416K, reserved 1179648K
  class space    used 8152K, committed 8960K, reserved 1048576K
GC Heap History (20 events):
Event: 639.329 GC heap before
{Heap before GC invocations=4021 (full 5):
 PSYoungGen      total 8192K, used 8160K [0x00000000d5580000, 0x00000000d6000000, 0x0000000100000000)
  eden space 7680K, 100% used [0x00000000d5580000,0x00000000d5d00000,0x00000000d5d00000)
  from space 512K, 93% used [0x00000000d5e80000,0x00000000d5ef8000,0x00000000d5f00000)
  to   space 1024K, 0% used [0x00000000d5f00000,0x00000000d5f00000,0x00000000d6000000)
 ParOldGen       total 1260032K, used 938080K [0x0000000080000000, 0x00000000cce80000, 0x00000000d5580000)
  object space 1260032K, 74% used [0x0000000080000000,0x00000000b94181e0,0x00000000cce80000)
 Metaspace       used 82651K, committed 84416K, reserved 1179648K
  class space    used 8151K, committed 8960K, reserved 1048576K
}
Event: 639.337 GC heap after
{Heap after GC invocations=4021 (full 5):
 PSYoungGen      total 8704K, used 996K [0x00000000d5580000, 0x00000000d6100000, 0x0000000100000000)
  eden space 7680K, 0% used [0x00000000d5580000,0x00000000d5580000,0x00000000d5d00000)
  from space 1024K, 97% used [0x00000000d5f00000,0x00000000d5ff9230,0x00000000d6000000)
  to   space 2048K, 0% used [0x00000000d5d00000,0x00000000d5d00000,0x00000000d5f00000)
 ParOldGen       total 1260032K, used 938510K [0x0000000080000000, 0x00000000cce80000, 0x00000000d5580000)
  object space 1260032K, 74% used [0x0000000080000000,0x00000000b9483ad0,0x00000000cce80000)
 Metaspace       used 82651K, committed 84416K, reserved 1179648K
  class space    used 8151K, committed 8960K, reserved 1048576K
}
Event: 639.611 GC heap before
{Heap before GC invocations=4022 (full 5):
 PSYoungGen      total 8704K, used 8673K [0x00000000d5580000, 0x00000000d6100000, 0x0000000100000000)
  eden space 7680K, 99% used [0x00000000d5580000,0x00000000d5cff2f8,0x00000000d5d00000)
  from space 1024K, 97% used [0x00000000d5f00000,0x00000000d5ff9230,0x00000000d6000000)
  to   space 2048K, 0% used [0x00000000d5d00000,0x00000000d5d00000,0x00000000d5f00000)
 ParOldGen       total 1260032K, used 938510K [0x0000000080000000, 0x00000000cce80000, 0x00000000d5580000)
  object space 1260032K, 74% used [0x0000000080000000,0x00000000b9483ad0,0x00000000cce80000)
 Metaspace       used 82651K, committed 84416K, reserved 1179648K
  class space    used 8151K, committed 8960K, reserved 1048576K
}
Event: 639.634 GC heap after
{Heap after GC invocations=4022 (full 5):
 PSYoungGen      total 8704K, used 692K [0x00000000d5580000, 0x00000000d5f80000, 0x0000000100000000)
  eden space 7680K, 0% used [0x00000000d5580000,0x00000000d5580000,0x00000000d5d00000)
  from space 1024K, 67% used [0x00000000d5d00000,0x00000000d5dad200,0x00000000d5e00000)
  to   space 1024K, 0% used [0x00000000d5e80000,0x00000000d5e80000,0x00000000d5f80000)
 ParOldGen       total 1260032K, used 939443K [0x0000000080000000, 0x00000000cce80000, 0x00000000d5580000)
  object space 1260032K, 74% used [0x0000000080000000,0x00000000b956cd20,0x00000000cce80000)
 Metaspace       used 82651K, committed 84416K, reserved 1179648K
  class space    used 8151K, committed 8960K, reserved 1048576K
}
Event: 640.176 GC heap before
{Heap before GC invocations=4023 (full 5):
 PSYoungGen      total 8704K, used 8372K [0x00000000d5580000, 0x00000000d5f80000, 0x0000000100000000)
  eden space 7680K, 100% used [0x00000000d5580000,0x00000000d5d00000,0x00000000d5d00000)
  from space 1024K, 67% used [0x00000000d5d00000,0x00000000d5dad200,0x00000000d5e00000)
  to   space 1024K, 0% used [0x00000000d5e80000,0x00000000d5e80000,0x00000000d5f80000)
 ParOldGen       total 1260032K, used 939443K [0x0000000080000000, 0x00000000cce80000, 0x00000000d5580000)
  object space 1260032K, 74% used [0x0000000080000000,0x00000000b956cd20,0x00000000cce80000)
 Metaspace       used 82654K, committed 84416K, reserved 1179648K
  class space    used 8151K, committed 8960K, reserved 1048576K
}
Event: 640.244 GC heap after
{Heap after GC invocations=4023 (full 5):
 PSYoungGen      total 7168K, used 1014K [0x00000000d5580000, 0x00000000d6300000, 0x0000000100000000)
  eden space 6144K, 0% used [0x00000000d5580000,0x00000000d5580000,0x00000000d5b80000)
  from space 1024K, 99% used [0x00000000d5e80000,0x00000000d5f7dad0,0x00000000d5f80000)
  to   space 3072K, 0% used [0x00000000d5b80000,0x00000000d5b80000,0x00000000d5e80000)
 ParOldGen       total 1260032K, used 941028K [0x0000000080000000, 0x00000000cce80000, 0x00000000d5580000)
  object space 1260032K, 74% used [0x0000000080000000,0x00000000b96f92f8,0x00000000cce80000)
 Metaspace       used 82654K, committed 84416K, reserved 1179648K
  class space    used 8151K, committed 8960K, reserved 1048576K
}
Event: 641.080 GC heap before
{Heap before GC invocations=4024 (full 5):
 PSYoungGen      total 7168K, used 7158K [0x00000000d5580000, 0x00000000d6300000, 0x0000000100000000)
  eden space 6144K, 100% used [0x00000000d5580000,0x00000000d5b80000,0x00000000d5b80000)
  from space 1024K, 99% used [0x00000000d5e80000,0x00000000d5f7dad0,0x00000000d5f80000)
  to   space 3072K, 0% used [0x00000000d5b80000,0x00000000d5b80000,0x00000000d5e80000)
 ParOldGen       total 1260032K, used 941028K [0x0000000080000000, 0x00000000cce80000, 0x00000000d5580000)
  object space 1260032K, 74% used [0x0000000080000000,0x00000000b96f92f8,0x00000000cce80000)
 Metaspace       used 82654K, committed 84416K, reserved 1179648K
  class space    used 8151K, committed 8960K, reserved 1048576K
}
Event: 641.190 GC heap after
{Heap after GC invocations=4024 (full 5):
 PSYoungGen      total 8192K, used 1622K [0x00000000d5580000, 0x00000000d5f80000, 0x0000000100000000)
  eden space 6144K, 0% used [0x00000000d5580000,0x00000000d5580000,0x00000000d5b80000)
  from space 2048K, 79% used [0x00000000d5b80000,0x00000000d5d15ab8,0x00000000d5d80000)
  to   space 2048K, 0% used [0x00000000d5d80000,0x00000000d5d80000,0x00000000d5f80000)
 ParOldGen       total 1260032K, used 942050K [0x0000000080000000, 0x00000000cce80000, 0x00000000d5580000)
  object space 1260032K, 74% used [0x0000000080000000,0x00000000b97f8908,0x00000000cce80000)
 Metaspace       used 82654K, committed 84416K, reserved 1179648K
  class space    used 8151K, committed 8960K, reserved 1048576K
}
Event: 643.771 GC heap before
{Heap before GC invocations=4025 (full 5):
 PSYoungGen      total 8192K, used 7766K [0x00000000d5580000, 0x00000000d5f80000, 0x0000000100000000)
  eden space 6144K, 100% used [0x00000000d5580000,0x00000000d5b80000,0x00000000d5b80000)
  from space 2048K, 79% used [0x00000000d5b80000,0x00000000d5d15ab8,0x00000000d5d80000)
  to   space 2048K, 0% used [0x00000000d5d80000,0x00000000d5d80000,0x00000000d5f80000)
 ParOldGen       total 1260032K, used 942050K [0x0000000080000000, 0x00000000cce80000, 0x00000000d5580000)
  object space 1260032K, 74% used [0x0000000080000000,0x00000000b97f8908,0x00000000cce80000)
 Metaspace       used 82660K, committed 84416K, reserved 1179648K
  class space    used 8152K, committed 8960K, reserved 1048576K
}
Event: 643.810 GC heap after
{Heap after GC invocations=4025 (full 5):
 PSYoungGen      total 7168K, used 1012K [0x00000000d5580000, 0x00000000d5e80000, 0x0000000100000000)
  eden space 6144K, 0% used [0x00000000d5580000,0x00000000d5580000,0x00000000d5b80000)
  from space 1024K, 98% used [0x00000000d5d80000,0x00000000d5e7d200,0x00000000d5e80000)
  to   space 1536K, 0% used [0x00000000d5b80000,0x00000000d5b80000,0x00000000d5d00000)
 ParOldGen       total 1260032K, used 942813K [0x0000000080000000, 0x00000000cce80000, 0x00000000d5580000)
  object space 1260032K, 74% used [0x0000000080000000,0x00000000b98b77e8,0x00000000cce80000)
 Metaspace       used 82660K, committed 84416K, reserved 1179648K
  class space    used 8152K, committed 8960K, reserved 1048576K
}
Event: 644.021 GC heap before
{Heap before GC invocations=4026 (full 5):
 PSYoungGen      total 7168K, used 7156K [0x00000000d5580000, 0x00000000d5e80000, 0x0000000100000000)
  eden space 6144K, 100% used [0x00000000d5580000,0x00000000d5b80000,0x00000000d5b80000)
  from space 1024K, 98% used [0x00000000d5d80000,0x00000000d5e7d200,0x00000000d5e80000)
  to   space 1536K, 0% used [0x00000000d5b80000,0x00000000d5b80000,0x00000000d5d00000)
 ParOldGen       total 1260032K, used 942813K [0x0000000080000000, 0x00000000cce80000, 0x00000000d5580000)
  object space 1260032K, 74% used [0x0000000080000000,0x00000000b98b77e8,0x00000000cce80000)
 Metaspace       used 82660K, committed 84416K, reserved 1179648K
  class space    used 8152K, committed 8960K, reserved 1048576K
}
Event: 644.062 GC heap after
{Heap after GC invocations=4026 (full 5):
 PSYoungGen      total 7680K, used 1124K [0x00000000d5580000, 0x00000000d5e80000, 0x0000000100000000)
  eden space 6144K, 0% used [0x00000000d5580000,0x00000000d5580000,0x00000000d5b80000)
  from space 1536K, 73% used [0x00000000d5b80000,0x00000000d5c99210,0x00000000d5d00000)
  to   space 1536K, 0% used [0x00000000d5d00000,0x00000000d5d00000,0x00000000d5e80000)
 ParOldGen       total 1260032K, used 943650K [0x0000000080000000, 0x00000000cce80000, 0x00000000d5580000)
  object space 1260032K, 74% used [0x0000000080000000,0x00000000b99889f8,0x00000000cce80000)
 Metaspace       used 82660K, committed 84416K, reserved 1179648K
  class space    used 8152K, committed 8960K, reserved 1048576K
}
Event: 645.117 GC heap before
{Heap before GC invocations=4027 (full 5):
 PSYoungGen      total 7680K, used 7268K [0x00000000d5580000, 0x00000000d5e80000, 0x0000000100000000)
  eden space 6144K, 99% used [0x00000000d5580000,0x00000000d5b7ffb0,0x00000000d5b80000)
  from space 1536K, 73% used [0x00000000d5b80000,0x00000000d5c99210,0x00000000d5d00000)
  to   space 1536K, 0% used [0x00000000d5d00000,0x00000000d5d00000,0x00000000d5e80000)
 ParOldGen       total 1260032K, used 943650K [0x0000000080000000, 0x00000000cce80000, 0x00000000d5580000)
  object space 1260032K, 74% used [0x0000000080000000,0x00000000b99889f8,0x00000000cce80000)
 Metaspace       used 82666K, committed 84416K, reserved 1179648K
  class space    used 8152K, committed 8960K, reserved 1048576K
}
Event: 645.129 GC heap after
{Heap after GC invocations=4027 (full 5):
 PSYoungGen      total 7168K, used 544K [0x00000000d5580000, 0x00000000d5e00000, 0x0000000100000000)
  eden space 6144K, 0% used [0x00000000d5580000,0x00000000d5580000,0x00000000d5b80000)
  from space 1024K, 53% used [0x00000000d5d00000,0x00000000d5d88000,0x00000000d5e00000)
  to   space 1024K, 0% used [0x00000000d5c00000,0x00000000d5c00000,0x00000000d5d00000)
 ParOldGen       total 1260032K, used 944663K [0x0000000080000000, 0x00000000cce80000, 0x00000000d5580000)
  object space 1260032K, 74% used [0x0000000080000000,0x00000000b9a85c08,0x00000000cce80000)
 Metaspace       used 82666K, committed 84416K, reserved 1179648K
  class space    used 8152K, committed 8960K, reserved 1048576K
}
Event: 645.324 GC heap before
{Heap before GC invocations=4028 (full 5):
 PSYoungGen      total 7168K, used 6688K [0x00000000d5580000, 0x00000000d5e00000, 0x0000000100000000)
  eden space 6144K, 100% used [0x00000000d5580000,0x00000000d5b80000,0x00000000d5b80000)
  from space 1024K, 53% used [0x00000000d5d00000,0x00000000d5d88000,0x00000000d5e00000)
  to   space 1024K, 0% used [0x00000000d5c00000,0x00000000d5c00000,0x00000000d5d00000)
 ParOldGen       total 1260032K, used 944663K [0x0000000080000000, 0x00000000cce80000, 0x00000000d5580000)
  object space 1260032K, 74% used [0x0000000080000000,0x00000000b9a85c08,0x00000000cce80000)
 Metaspace       used 82666K, committed 84416K, reserved 1179648K
  class space    used 8152K, committed 8960K, reserved 1048576K
}
Event: 645.386 GC heap after
{Heap after GC invocations=4028 (full 5):
 PSYoungGen      total 7168K, used 1010K [0x00000000d5580000, 0x00000000d6080000, 0x0000000100000000)
  eden space 6144K, 0% used [0x00000000d5580000,0x00000000d5580000,0x00000000d5b80000)
  from space 1024K, 98% used [0x00000000d5c00000,0x00000000d5cfcb28,0x00000000d5d00000)
  to   space 2560K, 0% used [0x00000000d5e00000,0x00000000d5e00000,0x00000000d6080000)
 ParOldGen       total 1260032K, used 945484K [0x0000000080000000, 0x00000000cce80000, 0x00000000d5580000)
  object space 1260032K, 75% used [0x0000000080000000,0x00000000b9b53068,0x00000000cce80000)
 Metaspace       used 82666K, committed 84416K, reserved 1179648K
  class space    used 8152K, committed 8960K, reserved 1048576K
}
Event: 645.592 GC heap before
{Heap before GC invocations=4029 (full 5):
 PSYoungGen      total 7168K, used 7154K [0x00000000d5580000, 0x00000000d6080000, 0x0000000100000000)
  eden space 6144K, 100% used [0x00000000d5580000,0x00000000d5b80000,0x00000000d5b80000)
  from space 1024K, 98% used [0x00000000d5c00000,0x00000000d5cfcb28,0x00000000d5d00000)
  to   space 2560K, 0% used [0x00000000d5e00000,0x00000000d5e00000,0x00000000d6080000)
 ParOldGen       total 1260032K, used 945484K [0x0000000080000000, 0x00000000cce80000, 0x00000000d5580000)
  object space 1260032K, 75% used [0x0000000080000000,0x00000000b9b53068,0x00000000cce80000)
 Metaspace       used 82667K, committed 84416K, reserved 1179648K
  class space    used 8152K, committed 8960K, reserved 1048576K
}
Event: 645.664 GC heap after
{Heap after GC invocations=4029 (full 5):
 PSYoungGen      total 7168K, used 576K [0x00000000d5580000, 0x00000000d5f00000, 0x0000000100000000)
  eden space 6144K, 0% used [0x00000000d5580000,0x00000000d5580000,0x00000000d5b80000)
  from space 1024K, 56% used [0x00000000d5e00000,0x00000000d5e90000,0x00000000d5f00000)
  to   space 1536K, 0% used [0x00000000d5c00000,0x00000000d5c00000,0x00000000d5d80000)
 ParOldGen       total 1260032K, used 946534K [0x0000000080000000, 0x00000000cce80000, 0x00000000d5580000)
  object space 1260032K, 75% used [0x0000000080000000,0x00000000b9c59b90,0x00000000cce80000)
 Metaspace       used 82667K, committed 84416K, reserved 1179648K
  class space    used 8152K, committed 8960K, reserved 1048576K
}
Event: 645.965 GC heap before
{Heap before GC invocations=4030 (full 5):
 PSYoungGen      total 7168K, used 6720K [0x00000000d5580000, 0x00000000d5f00000, 0x0000000100000000)
  eden space 6144K, 100% used [0x00000000d5580000,0x00000000d5b80000,0x00000000d5b80000)
  from space 1024K, 56% used [0x00000000d5e00000,0x00000000d5e90000,0x00000000d5f00000)
  to   space 1536K, 0% used [0x00000000d5c00000,0x00000000d5c00000,0x00000000d5d80000)
 ParOldGen       total 1260032K, used 946534K [0x0000000080000000, 0x00000000cce80000, 0x00000000d5580000)
  object space 1260032K, 75% used [0x0000000080000000,0x00000000b9c59b90,0x00000000cce80000)
 Metaspace       used 82673K, committed 84416K, reserved 1179648K
  class space    used 8152K, committed 8960K, reserved 1048576K
}
Event: 645.974 GC heap after
{Heap after GC invocations=4030 (full 5):
 PSYoungGen      total 7680K, used 937K [0x00000000d5580000, 0x00000000d5e80000, 0x0000000100000000)
  eden space 6144K, 0% used [0x00000000d5580000,0x00000000d5580000,0x00000000d5b80000)
  from space 1536K, 61% used [0x00000000d5c00000,0x00000000d5cea630,0x00000000d5d80000)
  to   space 1024K, 0% used [0x00000000d5d80000,0x00000000d5d80000,0x00000000d5e80000)
 ParOldGen       total 1260032K, used 946886K [0x0000000080000000, 0x00000000cce80000, 0x00000000d5580000)
  object space 1260032K, 75% used [0x0000000080000000,0x00000000b9cb1bb0,0x00000000cce80000)
 Metaspace       used 82673K, committed 84416K, reserved 1179648K
  class space    used 8152K, committed 8960K, reserved 1048576K
}

